2025-08-24 21:22:25,325 - CurriculumTrainer - INFO - [GPU] TensorFloat-32 enabled
2025-08-24 21:22:25,331 - CurriculumTrainer - INFO - [GPU] CUDA Device: NVIDIA GeForce RTX 3050 Laptop GPU
2025-08-24 21:22:25,332 - CurriculumTrainer - INFO - [GPU] Mixed Precision: True
2025-08-24 21:22:25,332 - CurriculumTrainer - INFO - [GPU] VAE Image Size: 64
2025-08-24 21:22:25,332 - CurriculumTrainer - INFO - [GPU] VAE Batch Size: 32
2025-08-24 21:22:25,332 - CurriculumTrainer - INFO - [GPU] Gradient Accumulation Steps: 1
2025-08-24 21:22:25,777 - CurriculumTrainer - INFO - Curriculum Trainer initialized
2025-08-24 21:22:25,777 - CurriculumTrainer - INFO - Device: cuda
2025-08-24 21:22:25,777 - CurriculumTrainer - INFO - Checkpoint directory: runs_20250824_211933\FULL
2025-08-24 21:22:25,792 - CurriculumTrainer - INFO - Curriculum: 4 environments
2025-08-24 21:22:25,793 - CurriculumTrainer - INFO - Starting Curriculum Training
2025-08-24 21:22:25,793 - CurriculumTrainer - INFO - Tasks: ['ALE/Pong-v5', 'LunarLander-v3', 'ALE/Breakout-v5', 'CarRacing-v3']
2025-08-24 21:22:25,794 - CurriculumTrainer - INFO - 
============================================================
2025-08-24 21:22:25,794 - CurriculumTrainer - INFO - Starting training for ALE/Pong-v5
2025-08-24 21:22:25,794 - CurriculumTrainer - INFO - Target score: 18.0
2025-08-24 21:22:25,795 - CurriculumTrainer - INFO - ============================================================
2025-08-24 21:22:25,795 - CurriculumTrainer - INFO - Phase 1: Data Collection
2025-08-24 21:22:25,795 - CurriculumTrainer - INFO - Collecting 50 random episodes from ALE/Pong-v5
2025-08-24 21:23:11,127 - CurriculumTrainer - INFO - Collected data saved to runs_20250824_211933\FULL\ALE\Pong-v5\random_data\episodes.npz
2025-08-24 21:23:11,576 - CurriculumTrainer - INFO - Phase 2: VAE Training
2025-08-24 21:23:11,577 - CurriculumTrainer - INFO - Training VAE for ALE/Pong-v5
2025-08-24 21:23:25,230 - CurriculumTrainer - INFO - Training VAE on 46275 frames
2025-08-24 21:23:25,731 - CurriculumTrainer - INFO - Frame data size: 4.34 GB
2025-08-24 21:23:27,975 - CurriculumTrainer - INFO - Using streaming data loading for memory efficiency
2025-08-24 21:23:32,998 - CurriculumTrainer - ERROR - Failed to train ALE/Pong-v5: view size is not compatible with input tensor's size and stride (at least one dimension spans across two contiguous subspaces). Use .reshape(...) instead.
