2025-08-24 21:24:11,781 - CurriculumTrainer - INFO - [GPU] TensorFloat-32 enabled
2025-08-24 21:24:11,787 - CurriculumTrainer - INFO - [GPU] CUDA Device: NVIDIA GeForce RTX 3050 Laptop GPU
2025-08-24 21:24:11,787 - CurriculumTrainer - INFO - [GPU] Mixed Precision: True
2025-08-24 21:24:11,787 - CurriculumTrainer - INFO - [GPU] VAE Image Size: 64
2025-08-24 21:24:11,787 - CurriculumTrainer - INFO - [GPU] VAE Batch Size: 32
2025-08-24 21:24:11,789 - CurriculumTrainer - INFO - [GPU] Gradient Accumulation Steps: 1
2025-08-24 21:24:11,789 - CurriculumTrainer - INFO - Curriculum Trainer initialized
2025-08-24 21:24:11,789 - CurriculumTrainer - INFO - Device: cuda
2025-08-24 21:24:11,791 - CurriculumTrainer - INFO - Checkpoint directory: runs_20250824_211933\CLASSIC
2025-08-24 21:24:11,791 - CurriculumTrainer - INFO - Curriculum: 4 environments
2025-08-24 21:24:11,791 - CurriculumTrainer - INFO - Starting Curriculum Training
2025-08-24 21:24:11,793 - CurriculumTrainer - INFO - Tasks: ['ALE/Pong-v5', 'ALE/Breakout-v5', 'CartPole-v1', 'Acrobot-v1']
2025-08-24 21:24:11,794 - CurriculumTrainer - INFO - 
============================================================
2025-08-24 21:24:11,794 - CurriculumTrainer - INFO - Starting training for ALE/Pong-v5
2025-08-24 21:24:11,795 - CurriculumTrainer - INFO - Target score: 18.0
2025-08-24 21:24:11,795 - CurriculumTrainer - INFO - ============================================================
2025-08-24 21:24:11,795 - CurriculumTrainer - INFO - Phase 1: Data Collection
2025-08-24 21:24:11,795 - CurriculumTrainer - INFO - Collecting 50 random episodes from ALE/Pong-v5
2025-08-24 21:24:51,485 - CurriculumTrainer - ERROR - Failed to train ALE/Pong-v5: 
