2025-08-24 15:00:08,813 - FixedCurriculumTrainer - INFO - Fixed Curriculum Trainer initialized
2025-08-24 15:00:08,813 - FixedCurriculumTrainer - INFO - Device: cpu
2025-08-24 15:00:08,813 - FixedCurriculumTrainer - INFO - Safe mode: True
2025-08-24 15:00:08,813 - FixedCurriculumTrainer - INFO - PyTorch available: True
2025-08-24 15:00:08,813 - FixedCurriculumTrainer - INFO - 
============================================================
2025-08-24 15:00:08,813 - FixedCurriculumTrainer - INFO - Training: PongNoFrameskip-v4
2025-08-24 15:00:08,813 - FixedCurriculumTrainer - INFO - Target: 18.0
2025-08-24 15:00:08,813 - FixedCurriculumTrainer - INFO - Mode: gym_only
2025-08-24 15:00:08,813 - FixedCurriculumTrainer - INFO - ============================================================
2025-08-24 15:00:08,813 - FixedCurriculumTrainer - WARNING - Failed to create PongNoFrameskip-v4: Environment `PongNoFrameskip` doesn't exist., using mock
2025-08-24 15:00:11,252 - FixedCurriculumTrainer - INFO - 
============================================================
2025-08-24 15:00:11,252 - FixedCurriculumTrainer - INFO - Training: LunarLander-v2
2025-08-24 15:00:11,252 - FixedCurriculumTrainer - INFO - Target: 200.0
2025-08-24 15:00:11,252 - FixedCurriculumTrainer - INFO - Mode: gym_only
2025-08-24 15:00:11,253 - FixedCurriculumTrainer - INFO - ============================================================
2025-08-24 15:00:11,254 - FixedCurriculumTrainer - WARNING - Failed to create LunarLander-v2: Environment version v2 for `LunarLander` is deprecated. Please use `LunarLander-v3` instead., using mock
2025-08-24 15:00:13,858 - FixedCurriculumTrainer - INFO - LunarLander-v2 training completed. Best: 186.05
2025-08-24 15:00:13,858 - FixedCurriculumTrainer - INFO - 
============================================================
2025-08-24 15:00:13,858 - FixedCurriculumTrainer - INFO - Training: BreakoutNoFrameskip-v4
2025-08-24 15:00:13,858 - FixedCurriculumTrainer - INFO - Target: 50.0
2025-08-24 15:00:13,858 - FixedCurriculumTrainer - INFO - Mode: gym_only
2025-08-24 15:00:13,858 - FixedCurriculumTrainer - INFO - ============================================================
2025-08-24 15:00:13,858 - FixedCurriculumTrainer - WARNING - Failed to create BreakoutNoFrameskip-v4: Environment `BreakoutNoFrameskip` doesn't exist., using mock
2025-08-24 15:00:16,254 - FixedCurriculumTrainer - INFO - 
============================================================
2025-08-24 15:00:16,254 - FixedCurriculumTrainer - INFO - Training: CarRacing-v2
2025-08-24 15:00:16,254 - FixedCurriculumTrainer - INFO - Target: 800.0
2025-08-24 15:00:16,254 - FixedCurriculumTrainer - INFO - Mode: gym_only
2025-08-24 15:00:16,254 - FixedCurriculumTrainer - INFO - ============================================================
2025-08-24 15:00:16,261 - FixedCurriculumTrainer - WARNING - Failed to create CarRacing-v2: Environment version v2 for `CarRacing` is deprecated. Please use `CarRacing-v3` instead., using mock
2025-08-24 15:00:18,860 - FixedCurriculumTrainer - INFO - CarRacing-v2 training completed. Best: 510.12
