2025-08-24 15:10:57,572 - FixedCurriculumTrainer - INFO - Fixed Curriculum Trainer initialized
2025-08-24 15:10:57,572 - FixedCurriculumTrainer - INFO - Device: cpu
2025-08-24 15:10:57,572 - FixedCurriculumTrainer - INFO - Safe mode: False
2025-08-24 15:10:57,572 - FixedCurriculumTrainer - INFO - PyTorch available: True
2025-08-24 15:10:57,572 - FixedCurriculumTrainer - INFO - 
============================================================
2025-08-24 15:10:57,572 - FixedCurriculumTrainer - INFO - Training: PongNoFrameskip-v4
2025-08-24 15:10:57,572 - FixedCurriculumTrainer - INFO - Target: 18.0
2025-08-24 15:10:57,572 - FixedCurriculumTrainer - INFO - Mode: full
2025-08-24 15:10:57,585 - FixedCurriculumTrainer - INFO - ============================================================
2025-08-24 15:10:57,585 - FixedCurriculumTrainer - WARNING - Failed to create PongNoFrameskip-v4: Environment `PongNoFrameskip` doesn't exist., using mock
2025-08-24 15:10:58,893 - FixedCurriculumTrainer - INFO - PongNoFrameskip-v4 training completed. Best: 12.75
2025-08-24 15:10:58,894 - FixedCurriculumTrainer - INFO - 
============================================================
2025-08-24 15:10:58,895 - FixedCurriculumTrainer - INFO - Training: LunarLander-v2
2025-08-24 15:10:58,895 - FixedCurriculumTrainer - INFO - Target: 200.0
2025-08-24 15:10:58,895 - FixedCurriculumTrainer - INFO - Mode: full
2025-08-24 15:10:58,895 - FixedCurriculumTrainer - INFO - ============================================================
2025-08-24 15:10:58,897 - FixedCurriculumTrainer - WARNING - Failed to create LunarLander-v2: Environment version v2 for `LunarLander` is deprecated. Please use `LunarLander-v3` instead., using mock
2025-08-24 15:11:00,207 - FixedCurriculumTrainer - INFO - LunarLander-v2 training completed. Best: 103.12
2025-08-24 15:11:00,207 - FixedCurriculumTrainer - INFO - 
============================================================
2025-08-24 15:11:00,207 - FixedCurriculumTrainer - INFO - Training: BreakoutNoFrameskip-v4
2025-08-24 15:11:00,207 - FixedCurriculumTrainer - INFO - Target: 50.0
2025-08-24 15:11:00,207 - FixedCurriculumTrainer - INFO - Mode: full
2025-08-24 15:11:00,207 - FixedCurriculumTrainer - INFO - ============================================================
2025-08-24 15:11:00,207 - FixedCurriculumTrainer - WARNING - Failed to create BreakoutNoFrameskip-v4: Environment `BreakoutNoFrameskip` doesn't exist., using mock
2025-08-24 15:11:01,521 - FixedCurriculumTrainer - INFO - BreakoutNoFrameskip-v4 training completed. Best: 33.75
2025-08-24 15:11:01,521 - FixedCurriculumTrainer - INFO - 
============================================================
2025-08-24 15:11:01,521 - FixedCurriculumTrainer - INFO - Training: CarRacing-v2
2025-08-24 15:11:01,521 - FixedCurriculumTrainer - INFO - Target: 800.0
2025-08-24 15:11:01,521 - FixedCurriculumTrainer - INFO - Mode: full
2025-08-24 15:11:01,521 - FixedCurriculumTrainer - INFO - ============================================================
2025-08-24 15:11:01,521 - FixedCurriculumTrainer - WARNING - Failed to create CarRacing-v2: Environment version v2 for `CarRacing` is deprecated. Please use `CarRacing-v3` instead., using mock
2025-08-24 15:11:02,827 - FixedCurriculumTrainer - INFO - CarRacing-v2 training completed. Best: 300.82
